#
# There is insufficient memory for the Java Runtime Environment to continue.
# Native memory allocation (mmap) failed to map 46137344 bytes for G1 virtual space
# Possible reasons:
#   The system is out of physical RAM or swap space
#   The process is running with CompressedOops enabled, and the Java Heap may be blocking the growth of the native heap
# Possible solutions:
#   Reduce memory load on the system
#   Increase physical memory or swap space
#   Check if swap backing store is full
#   Decrease Java heap size (-Xmx/-Xms)
#   Decrease number of Java threads
#   Decrease Java thread stack sizes (-Xss)
#   Set larger code cache with -XX:ReservedCodeCacheSize=
#   JVM is running with Unscaled Compressed Oops mode in which the Java heap is
#     placed in the first 4GB address space. The Java Heap base address is the
#     maximum limit for the native heap growth. Please use -XX:HeapBaseMinAddress
#     to set the Java Heap base and to place the Java Heap above 4GB virtual address.
# This output file may be truncated or incomplete.
#
#  Out of Memory Error (os_windows.cpp:3527), pid=22988, tid=9116
#
# JRE version: OpenJDK Runtime Environment (19.0+36) (build 19+36-2238)
# Java VM: OpenJDK 64-Bit Server VM (19+36-2238, mixed mode, sharing, tiered, compressed oops, compressed class ptrs, g1 gc, windows-amd64)
# No core dump will be written. Minidumps are not enabled by default on client versions of Windows
#

---------------  S U M M A R Y ------------

Command Line: -javaagent:C:\Program Files\JetBrains\IntelliJ IDEA Community Edition 2022.3.1\lib\idea_rt.jar=51981:C:\Program Files\JetBrains\IntelliJ IDEA Community Edition 2022.3.1\bin -Dfile.encoding=UTF-8 -Dsun.stdout.encoding=UTF-8 -Dsun.stderr.encoding=UTF-8 com.pin120.BuildManagementSystem.BuildManagementSystemApplication

Host: AMD Ryzen 5 2500U with Radeon Vega Mobile Gfx  , 8 cores, 5G,  Windows 10 , 64 bit Build 19041 (10.0.19041.3570)
Time: Wed Nov  8 21:27:08 2023 RTZ 2 (s 10 , 64 bit Build 19041 (10.0.19041.3570) elapsed time: 16.180275 seconds (0d 0h 0m 16s)

---------------  T H R E A D  ---------------

Current thread (0x0000022457200ac0):  VMThread "VM Thread" [stack: 0x000000ebf6400000,0x000000ebf6500000] [id=9116]

Stack: [0x000000ebf6400000,0x000000ebf6500000]
Native frames: (J=compiled Java code, j=interpreted, Vv=VM code, C=native code)
V  [jvm.dll+0x6ee8fa]
V  [jvm.dll+0x857a1e]
V  [jvm.dll+0x85940e]
V  [jvm.dll+0x859ac3]
V  [jvm.dll+0x28291f]
V  [jvm.dll+0x6eb6e9]
V  [jvm.dll+0x6e028a]
V  [jvm.dll+0x357136]
V  [jvm.dll+0x35eb96]
V  [jvm.dll+0x3b555e]
V  [jvm.dll+0x3b578f]
V  [jvm.dll+0x32c6ea]
V  [jvm.dll+0x32c797]
V  [jvm.dll+0x374b52]
V  [jvm.dll+0x37328f]
V  [jvm.dll+0x32bf10]
V  [jvm.dll+0x37282b]
V  [jvm.dll+0x85ef83]
V  [jvm.dll+0x85fd49]
V  [jvm.dll+0x86027d]
V  [jvm.dll+0x86070b]
V  [jvm.dll+0x8607c7]
V  [jvm.dll+0x8015fa]
V  [jvm.dll+0x6ed5eb]
C  [ucrtbase.dll+0x21bb2]
C  [KERNEL32.DLL+0x17344]
C  [ntdll.dll+0x526b1]

VM_Operation (0x000000ebf85fc780): G1CollectForAllocation, mode: safepoint, requested by thread 0x000002245d49eb30


---------------  P R O C E S S  ---------------

Threads class SMR info:
_java_thread_list=0x000002245c233cd0, length=32, elements={
0x0000022457219370, 0x000002245721a160, 0x000002245721b950, 0x000002245721f7a0,
0x00000224572200d0, 0x0000022457220a00, 0x0000022457222ef0, 0x0000022457231910,
0x0000022457265a70, 0x00000224571ec060, 0x000002245b7743c0, 0x000002245b64b340,
0x000002245d792f60, 0x000002245d58f020, 0x000002245cc634c0, 0x000002245d4a15b0,
0x000002245d4a1060, 0x000002245d4a0b10, 0x000002245d49e5e0, 0x000002245d49fb20,
0x000002245d4a05c0, 0x000002245d49eb30, 0x000002245d4a0070, 0x000002245d49f080,
0x000002245e4a7af0, 0x000002245e4ada90, 0x000002245e4abab0, 0x000002245e4ac000,
0x000002245e4a8040, 0x000002245e4a9030, 0x000002245e4ad540, 0x000002245e4a9580
}

Java Threads: ( => current thread )
  0x0000022457219370 JavaThread "Reference Handler" daemon [_thread_blocked, id=6596, stack(0x000000ebf6500000,0x000000ebf6600000)]
  0x000002245721a160 JavaThread "Finalizer" daemon [_thread_blocked, id=18072, stack(0x000000ebf6600000,0x000000ebf6700000)]
  0x000002245721b950 JavaThread "Signal Dispatcher" daemon [_thread_blocked, id=15888, stack(0x000000ebf6700000,0x000000ebf6800000)]
  0x000002245721f7a0 JavaThread "Attach Listener" daemon [_thread_blocked, id=15120, stack(0x000000ebf6800000,0x000000ebf6900000)]
  0x00000224572200d0 JavaThread "Service Thread" daemon [_thread_blocked, id=23048, stack(0x000000ebf6900000,0x000000ebf6a00000)]
  0x0000022457220a00 JavaThread "Monitor Deflation Thread" daemon [_thread_blocked, id=10192, stack(0x000000ebf6a00000,0x000000ebf6b00000)]
  0x0000022457222ef0 JavaThread "C2 CompilerThread0" daemon [_thread_blocked, id=19248, stack(0x000000ebf6b00000,0x000000ebf6c00000)]
  0x0000022457231910 JavaThread "C1 CompilerThread0" daemon [_thread_blocked, id=1680, stack(0x000000ebf6c00000,0x000000ebf6d00000)]
  0x0000022457265a70 JavaThread "Sweeper thread" daemon [_thread_blocked, id=3748, stack(0x000000ebf6d00000,0x000000ebf6e00000)]
  0x00000224571ec060 JavaThread "Common-Cleaner" daemon [_thread_blocked, id=19940, stack(0x000000ebf6e00000,0x000000ebf6f00000)]
  0x000002245b7743c0 JavaThread "Monitor Ctrl-Break" daemon [_thread_in_native, id=20256, stack(0x000000ebf7000000,0x000000ebf7100000)]
  0x000002245b64b340 JavaThread "Notification Thread" daemon [_thread_blocked, id=22612, stack(0x000000ebf7100000,0x000000ebf7200000)]
  0x000002245d792f60 JavaThread "MVStore background writer C:/data/build_management.mv.db" daemon [_thread_blocked, id=5084, stack(0x000000ebf7b00000,0x000000ebf7c00000)]
  0x000002245d58f020 JavaThread "HikariPool-1 housekeeper" daemon [_thread_blocked, id=15516, stack(0x000000ebf7c00000,0x000000ebf7d00000)]
  0x000002245cc634c0 JavaThread "Catalina-utility-1" [_thread_blocked, id=23124, stack(0x000000ebf7d00000,0x000000ebf7e00000)]
  0x000002245d4a15b0 JavaThread "Catalina-utility-2" [_thread_blocked, id=9784, stack(0x000000ebf7e00000,0x000000ebf7f00000)]
  0x000002245d4a1060 JavaThread "container-0" [_thread_blocked, id=4072, stack(0x000000ebf7f00000,0x000000ebf8000000)]
  0x000002245d4a0b10 JavaThread "H2-serialization" daemon [_thread_blocked, id=8044, stack(0x000000ebf8100000,0x000000ebf8200000)]
  0x000002245d49e5e0 JavaThread "H2-save" daemon [_thread_blocked, id=8220, stack(0x000000ebf8200000,0x000000ebf8300000)]
  0x000002245d49fb20 JavaThread "http-nio-8080-exec-1" daemon [_thread_blocked, id=6580, stack(0x000000ebf8300000,0x000000ebf8400000)]
  0x000002245d4a05c0 JavaThread "http-nio-8080-exec-2" daemon [_thread_blocked, id=5404, stack(0x000000ebf8400000,0x000000ebf8500000)]
  0x000002245d49eb30 JavaThread "http-nio-8080-exec-3" daemon [_thread_blocked, id=4060, stack(0x000000ebf8500000,0x000000ebf8600000)]
  0x000002245d4a0070 JavaThread "http-nio-8080-exec-4" daemon [_thread_blocked, id=11452, stack(0x000000ebf8600000,0x000000ebf8700000)]
  0x000002245d49f080 JavaThread "http-nio-8080-exec-5" daemon [_thread_blocked, id=22028, stack(0x000000ebf8700000,0x000000ebf8800000)]
  0x000002245e4a7af0 JavaThread "http-nio-8080-exec-6" daemon [_thread_blocked, id=11160, stack(0x000000ebf8800000,0x000000ebf8900000)]
  0x000002245e4ada90 JavaThread "http-nio-8080-exec-7" daemon [_thread_blocked, id=15216, stack(0x000000ebf8900000,0x000000ebf8a00000)]
  0x000002245e4abab0 JavaThread "http-nio-8080-exec-8" daemon [_thread_blocked, id=10816, stack(0x000000ebf8a00000,0x000000ebf8b00000)]
  0x000002245e4ac000 JavaThread "http-nio-8080-exec-9" daemon [_thread_blocked, id=13144, stack(0x000000ebf8b00000,0x000000ebf8c00000)]
  0x000002245e4a8040 JavaThread "http-nio-8080-exec-10" daemon [_thread_blocked, id=20016, stack(0x000000ebf8c00000,0x000000ebf8d00000)]
  0x000002245e4a9030 JavaThread "http-nio-8080-Poller" daemon [_thread_in_native, id=2704, stack(0x000000ebf8d00000,0x000000ebf8e00000)]
  0x000002245e4ad540 JavaThread "http-nio-8080-Acceptor" daemon [_thread_in_native, id=11020, stack(0x000000ebf8e00000,0x000000ebf8f00000)]
  0x000002245e4a9580 JavaThread "DestroyJavaVM" [_thread_blocked, id=6164, stack(0x000000ebf5e00000,0x000000ebf5f00000)]

Other Threads:
=>0x0000022457200ac0 VMThread "VM Thread" [stack: 0x000000ebf6400000,0x000000ebf6500000] [id=9116]
  0x0000022437dbba40 WatcherThread "VM Periodic Task Thread" [stack: 0x000000ebf7200000,0x000000ebf7300000] [id=5744]
  0x0000022437e0b5d0 WorkerThread "GC Thread#0" [stack: 0x000000ebf5f00000,0x000000ebf6000000] [id=22876]
  0x000002245c203160 WorkerThread "GC Thread#1" [stack: 0x000000ebf6f00000,0x000000ebf7000000] [id=20080]
  0x000002245c264790 WorkerThread "GC Thread#2" [stack: 0x000000ebf7300000,0x000000ebf7400000] [id=22960]
  0x000002245c231750 WorkerThread "GC Thread#3" [stack: 0x000000ebf7400000,0x000000ebf7500000] [id=12260]
  0x000002245c232dd0 WorkerThread "GC Thread#4" [stack: 0x000000ebf7500000,0x000000ebf7600000] [id=14352]
  0x000002245c2311b0 WorkerThread "GC Thread#5" [stack: 0x000000ebf7600000,0x000000ebf7700000] [id=1036]
  0x000002245c231a20 WorkerThread "GC Thread#6" [stack: 0x000000ebf7900000,0x000000ebf7a00000] [id=14908]
  0x000002245c231fc0 WorkerThread "GC Thread#7" [stack: 0x000000ebf7a00000,0x000000ebf7b00000] [id=17040]
  0x0000022437e193e0 ConcurrentGCThread "G1 Main Marker" [stack: 0x000000ebf6000000,0x000000ebf6100000] [id=4728]
  0x0000022437e19e10 WorkerThread "G1 Conc#0" [stack: 0x000000ebf6100000,0x000000ebf6200000] [id=13108]
  0x000002245c232b00 WorkerThread "G1 Conc#1" [stack: 0x000000ebf7800000,0x000000ebf7900000] [id=20704]
  0x0000022437e759e0 ConcurrentGCThread "G1 Refine#0" [stack: 0x000000ebf6200000,0x000000ebf6300000] [id=19832]
  0x00000224570c2600 ConcurrentGCThread "G1 Service" [stack: 0x000000ebf6300000,0x000000ebf6400000] [id=3840]

Threads with active compile tasks:

VM state: at safepoint (normal execution)

VM Mutex/Monitor currently owned by a thread:  ([mutex/lock_event])
[0x0000022437db88c0] Threads_lock - owner thread: 0x0000022457200ac0
[0x0000022437db90a0] Heap_lock - owner thread: 0x000002245d49eb30

Heap address: 0x00000000a1800000, size: 1512 MB, Compressed Oops mode: 32-bit

CDS archive(s) mapped at: [0x0000000800000000-0x0000000800c40000-0x0000000800c40000), size 12845056, SharedBaseAddress: 0x0000000800000000, ArchiveRelocationMode: 0.
Compressed class space mapped at: 0x0000000801000000-0x0000000841000000, reserved size: 1073741824
Narrow klass base: 0x0000000800000000, Narrow klass shift: 0, Narrow klass range: 0x100000000

GC Precious Log:
 CardTable entry size: 512
 Card Set container configuration: InlinePtr #cards 5 size 8 Array Of Cards #cards 12 size 40 Howl #buckets 4 coarsen threshold 1843 Howl Bitmap #cards 512 size 80 coarsen threshold 460 Card regions per heap region 1 cards per card region 2048
 CPUs: 8 total, 8 available
 Memory: 6045M
 Large Page Support: Disabled
 NUMA Support: Disabled
 Compressed Oops: Enabled (32-bit)
 Heap Region Size: 1M
 Heap Min Capacity: 8M
 Heap Initial Capacity: 96M
 Heap Max Capacity: 1512M
 Pre-touch: Disabled
 Parallel Workers: 8
 Concurrent Workers: 2
 Concurrent Refinement Workers: 8
 Periodic GC: Disabled

Heap:
 garbage-first heap   total 98304K, used 31365K [0x00000000a1800000, 0x0000000100000000)
  region size 1024K, 3 young (3072K), 3 survivors (3072K)
 Metaspace       used 69420K, committed 70080K, reserved 1114112K
  class space    used 9290K, committed 9600K, reserved 1048576K

Heap Regions: E=young(eden), S=young(survivor), O=old, HS=humongous(starts), HC=humongous(continues), CS=collection set, F=free, OA=open archive, CA=closed archive, TAMS=top-at-mark-start (previous, next)
|   0|0x00000000a1800000, 0x00000000a1900000, 0x00000000a1900000|100%|HS|  |TAMS 0x00000000a1900000, 0x00000000a1800000| Complete 
|   1|0x00000000a1900000, 0x00000000a1a00000, 0x00000000a1a00000|100%| O|  |TAMS 0x00000000a1a00000, 0x00000000a1900000| Untracked 
|   2|0x00000000a1a00000, 0x00000000a1b00000, 0x00000000a1b00000|100%| O|  |TAMS 0x00000000a1b00000, 0x00000000a1a00000| Untracked 
|   3|0x00000000a1b00000, 0x00000000a1c00000, 0x00000000a1c00000|100%| O|  |TAMS 0x00000000a1c00000, 0x00000000a1b00000| Untracked 
|   4|0x00000000a1c00000, 0x00000000a1d00000, 0x00000000a1d00000|100%| O|  |TAMS 0x00000000a1d00000, 0x00000000a1c00000| Untracked 
|   5|0x00000000a1d00000, 0x00000000a1e00000, 0x00000000a1e00000|100%| O|  |TAMS 0x00000000a1e00000, 0x00000000a1d00000| Untracked 
|   6|0x00000000a1e00000, 0x00000000a1e00000, 0x00000000a1f00000|  0%| F|  |TAMS 0x00000000a1e00000, 0x00000000a1e00000| Untracked 
|   7|0x00000000a1f00000, 0x00000000a2000000, 0x00000000a2000000|100%| O|  |TAMS 0x00000000a2000000, 0x00000000a1f00000| Untracked 
|   8|0x00000000a2000000, 0x00000000a2100000, 0x00000000a2100000|100%| O|  |TAMS 0x00000000a2100000, 0x00000000a2000000| Untracked 
|   9|0x00000000a2100000, 0x00000000a2200000, 0x00000000a2200000|100%| O|  |TAMS 0x00000000a2200000, 0x00000000a2100000| Untracked 
|  10|0x00000000a2200000, 0x00000000a2300000, 0x00000000a2300000|100%| O|  |TAMS 0x00000000a2300000, 0x00000000a2200000| Untracked 
|  11|0x00000000a2300000, 0x00000000a2400000, 0x00000000a2400000|100%| O|  |TAMS 0x00000000a2400000, 0x00000000a2300000| Untracked 
|  12|0x00000000a2400000, 0x00000000a2500000, 0x00000000a2500000|100%| O|  |TAMS 0x00000000a2500000, 0x00000000a2400000| Untracked 
|  13|0x00000000a2500000, 0x00000000a2600000, 0x00000000a2600000|100%| O|  |TAMS 0x00000000a2600000, 0x00000000a2500000| Untracked 
|  14|0x00000000a2600000, 0x00000000a2700000, 0x00000000a2700000|100%| O|  |TAMS 0x00000000a2700000, 0x00000000a2600000| Untracked 
|  15|0x00000000a2700000, 0x00000000a2800000, 0x00000000a2800000|100%| O|  |TAMS 0x00000000a2700000, 0x00000000a2700000| Untracked 
|  16|0x00000000a2800000, 0x00000000a2900000, 0x00000000a2900000|100%|HS|  |TAMS 0x00000000a2900000, 0x00000000a2800000| Complete 
|  17|0x00000000a2900000, 0x00000000a2a00000, 0x00000000a2a00000|100%|HC|  |TAMS 0x00000000a2a00000, 0x00000000a2900000| Complete 
|  18|0x00000000a2a00000, 0x00000000a2b00000, 0x00000000a2b00000|100%| O|  |TAMS 0x00000000a2b00000, 0x00000000a2a00000| Untracked 
|  19|0x00000000a2b00000, 0x00000000a2c00000, 0x00000000a2c00000|100%| O|  |TAMS 0x00000000a2c00000, 0x00000000a2b00000| Untracked 
|  20|0x00000000a2c00000, 0x00000000a2d00000, 0x00000000a2d00000|100%| O|  |TAMS 0x00000000a2d00000, 0x00000000a2c00000| Untracked 
|  21|0x00000000a2d00000, 0x00000000a2e00000, 0x00000000a2e00000|100%| O|  |TAMS 0x00000000a2e00000, 0x00000000a2d00000| Untracked 
|  22|0x00000000a2e00000, 0x00000000a2f00000, 0x00000000a2f00000|100%| O|  |TAMS 0x00000000a2e00000, 0x00000000a2e00000| Untracked 
|  23|0x00000000a2f00000, 0x00000000a3000000, 0x00000000a3000000|100%| O|  |TAMS 0x00000000a2f00000, 0x00000000a2f00000| Untracked 
|  24|0x00000000a3000000, 0x00000000a3100000, 0x00000000a3100000|100%| O|  |TAMS 0x00000000a3000000, 0x00000000a3000000| Untracked 
|  25|0x00000000a3100000, 0x00000000a3200000, 0x00000000a3200000|100%| O|  |TAMS 0x00000000a3100000, 0x00000000a3100000| Untracked 
|  26|0x00000000a3200000, 0x00000000a3300000, 0x00000000a3300000|100%| O|  |TAMS 0x00000000a3200000, 0x00000000a3200000| Untracked 
|  27|0x00000000a3300000, 0x00000000a33cb600, 0x00000000a3400000| 79%| O|  |TAMS 0x00000000a3300000, 0x00000000a3300000| Untracked 
|  28|0x00000000a3400000, 0x00000000a3500000, 0x00000000a3500000|100%| O|  |TAMS 0x00000000a34e1e00, 0x00000000a3400000| Untracked 
|  29|0x00000000a3500000, 0x00000000a3500000, 0x00000000a3600000|  0%| F|  |TAMS 0x00000000a3500000, 0x00000000a3500000| Untracked 
|  30|0x00000000a3600000, 0x00000000a3600000, 0x00000000a3700000|  0%| F|  |TAMS 0x00000000a3600000, 0x00000000a3600000| Untracked 
|  31|0x00000000a3700000, 0x00000000a3700000, 0x00000000a3800000|  0%| F|  |TAMS 0x00000000a3700000, 0x00000000a3700000| Untracked 
|  32|0x00000000a3800000, 0x00000000a3800000, 0x00000000a3900000|  0%| F|  |TAMS 0x00000000a3800000, 0x00000000a3800000| Untracked 
|  33|0x00000000a3900000, 0x00000000a3900000, 0x00000000a3a00000|  0%| F|  |TAMS 0x00000000a3900000, 0x00000000a3900000| Untracked 
|  34|0x00000000a3a00000, 0x00000000a3a00000, 0x00000000a3b00000|  0%| F|  |TAMS 0x00000000a3a00000, 0x00000000a3a00000| Untracked 
|  35|0x00000000a3b00000, 0x00000000a3b00000, 0x00000000a3c00000|  0%| F|  |TAMS 0x00000000a3b00000, 0x00000000a3b00000| Untracked 
|  36|0x00000000a3c00000, 0x00000000a3c00000, 0x00000000a3d00000|  0%| F|  |TAMS 0x00000000a3c00000, 0x00000000a3c00000| Untracked 
|  37|0x00000000a3d00000, 0x00000000a3d00000, 0x00000000a3e00000|  0%| F|  |TAMS 0x00000000a3d00000, 0x00000000a3d00000| Untracked 
|  38|0x00000000a3e00000, 0x00000000a3e00000, 0x00000000a3f00000|  0%| F|  |TAMS 0x00000000a3e00000, 0x00000000a3e00000| Untracked 
|  39|0x00000000a3f00000, 0x00000000a3fd61e8, 0x00000000a4000000| 83%| S|CS|TAMS 0x00000000a3f00000, 0x00000000a3f00000| Complete 
|  40|0x00000000a4000000, 0x00000000a4100000, 0x00000000a4100000|100%| S|CS|TAMS 0x00000000a4000000, 0x00000000a4000000| Complete 
|  41|0x00000000a4100000, 0x00000000a4200000, 0x00000000a4200000|100%| S|CS|TAMS 0x00000000a4100000, 0x00000000a4100000| Complete 
|  42|0x00000000a4200000, 0x00000000a4200000, 0x00000000a4300000|  0%| F|  |TAMS 0x00000000a4200000, 0x00000000a4200000| Untracked 
|  43|0x00000000a4300000, 0x00000000a4300000, 0x00000000a4400000|  0%| F|  |TAMS 0x00000000a4300000, 0x00000000a4300000| Untracked 
|  44|0x00000000a4400000, 0x00000000a4400000, 0x00000000a4500000|  0%| F|  |TAMS 0x00000000a4400000, 0x00000000a4400000| Untracked 
|  45|0x00000000a4500000, 0x00000000a4500000, 0x00000000a4600000|  0%| F|  |TAMS 0x00000000a4500000, 0x00000000a4500000| Untracked 
|  46|0x00000000a4600000, 0x00000000a4600000, 0x00000000a4700000|  0%| F|  |TAMS 0x00000000a4600000, 0x00000000a4600000| Untracked 
|  47|0x00000000a4700000, 0x00000000a4700000, 0x00000000a4800000|  0%| F|  |TAMS 0x00000000a4700000, 0x00000000a4700000| Untracked 
|  48|0x00000000a4800000, 0x00000000a4800000, 0x00000000a4900000|  0%| F|  |TAMS 0x00000000a4800000, 0x00000000a4800000| Untracked 
|  49|0x00000000a4900000, 0x00000000a4900000, 0x00000000a4a00000|  0%| F|  |TAMS 0x00000000a4900000, 0x00000000a4900000| Untracked 
|  50|0x00000000a4a00000, 0x00000000a4a00000, 0x00000000a4b00000|  0%| F|  |TAMS 0x00000000a4a00000, 0x00000000a4a00000| Untracked 
|  51|0x00000000a4b00000, 0x00000000a4b00000, 0x00000000a4c00000|  0%| F|  |TAMS 0x00000000a4b00000, 0x00000000a4b00000| Untracked 
|  52|0x00000000a4c00000, 0x00000000a4c00000, 0x00000000a4d00000|  0%| F|  |TAMS 0x00000000a4c00000, 0x00000000a4c00000| Untracked 
|  53|0x00000000a4d00000, 0x00000000a4d00000, 0x00000000a4e00000|  0%| F|  |TAMS 0x00000000a4d00000, 0x00000000a4d00000| Untracked 
|  54|0x00000000a4e00000, 0x00000000a4e00000, 0x00000000a4f00000|  0%| F|  |TAMS 0x00000000a4e00000, 0x00000000a4e00000| Untracked 
|  55|0x00000000a4f00000, 0x00000000a4f00000, 0x00000000a5000000|  0%| F|  |TAMS 0x00000000a4f00000, 0x00000000a4f00000| Untracked 
|  56|0x00000000a5000000, 0x00000000a5000000, 0x00000000a5100000|  0%| F|  |TAMS 0x00000000a5000000, 0x00000000a5000000| Untracked 
|  57|0x00000000a5100000, 0x00000000a5100000, 0x00000000a5200000|  0%| F|  |TAMS 0x00000000a5100000, 0x00000000a5100000| Untracked 
|  58|0x00000000a5200000, 0x00000000a5200000, 0x00000000a5300000|  0%| F|  |TAMS 0x00000000a5200000, 0x00000000a5200000| Untracked 
|  59|0x00000000a5300000, 0x00000000a5300000, 0x00000000a5400000|  0%| F|  |TAMS 0x00000000a5300000, 0x00000000a5300000| Untracked 
|  60|0x00000000a5400000, 0x00000000a5400000, 0x00000000a5500000|  0%| F|  |TAMS 0x00000000a5400000, 0x00000000a5400000| Untracked 
|  61|0x00000000a5500000, 0x00000000a5500000, 0x00000000a5600000|  0%| F|  |TAMS 0x00000000a5500000, 0x00000000a5500000| Untracked 
|  62|0x00000000a5600000, 0x00000000a5600000, 0x00000000a5700000|  0%| F|  |TAMS 0x00000000a5600000, 0x00000000a5600000| Untracked 
|  63|0x00000000a5700000, 0x00000000a5700000, 0x00000000a5800000|  0%| F|  |TAMS 0x00000000a5700000, 0x00000000a5700000| Untracked 
|  64|0x00000000a5800000, 0x00000000a5800000, 0x00000000a5900000|  0%| F|  |TAMS 0x00000000a5800000, 0x00000000a5800000| Untracked 
|  65|0x00000000a5900000, 0x00000000a5900000, 0x00000000a5a00000|  0%| F|  |TAMS 0x00000000a5900000, 0x00000000a5900000| Untracked 
|  66|0x00000000a5a00000, 0x00000000a5a00000, 0x00000000a5b00000|  0%| F|  |TAMS 0x00000000a5a00000, 0x00000000a5a00000| Untracked 
|  67|0x00000000a5b00000, 0x00000000a5b00000, 0x00000000a5c00000|  0%| F|  |TAMS 0x00000000a5b00000, 0x00000000a5b00000| Untracked 
|  68|0x00000000a5c00000, 0x00000000a5c00000, 0x00000000a5d00000|  0%| F|  |TAMS 0x00000000a5c00000, 0x00000000a5c00000| Untracked 
|  69|0x00000000a5d00000, 0x00000000a5d00000, 0x00000000a5e00000|  0%| F|  |TAMS 0x00000000a5d00000, 0x00000000a5d00000| Untracked 
|  70|0x00000000a5e00000, 0x00000000a5e00000, 0x00000000a5f00000|  0%| F|  |TAMS 0x00000000a5e00000, 0x00000000a5e00000| Untracked 
|  71|0x00000000a5f00000, 0x00000000a5f00000, 0x00000000a6000000|  0%| F|  |TAMS 0x00000000a5f00000, 0x00000000a5f00000| Untracked 
|  72|0x00000000a6000000, 0x00000000a6000000, 0x00000000a6100000|  0%| F|  |TAMS 0x00000000a6000000, 0x00000000a6000000| Untracked 
|  73|0x00000000a6100000, 0x00000000a6100000, 0x00000000a6200000|  0%| F|  |TAMS 0x00000000a6100000, 0x00000000a6100000| Untracked 
|  74|0x00000000a6200000, 0x00000000a6200000, 0x00000000a6300000|  0%| F|  |TAMS 0x00000000a6200000, 0x00000000a6200000| Untracked 
|  75|0x00000000a6300000, 0x00000000a6300000, 0x00000000a6400000|  0%| F|  |TAMS 0x00000000a6300000, 0x00000000a6300000| Untracked 
|  76|0x00000000a6400000, 0x00000000a6400000, 0x00000000a6500000|  0%| F|  |TAMS 0x00000000a6400000, 0x00000000a6400000| Untracked 
|  77|0x00000000a6500000, 0x00000000a6500000, 0x00000000a6600000|  0%| F|  |TAMS 0x00000000a6500000, 0x00000000a6500000| Untracked 
|  78|0x00000000a6600000, 0x00000000a6600000, 0x00000000a6700000|  0%| F|  |TAMS 0x00000000a6600000, 0x00000000a6600000| Untracked 
|  79|0x00000000a6700000, 0x00000000a6700000, 0x00000000a6800000|  0%| F|  |TAMS 0x00000000a6700000, 0x00000000a6700000| Untracked 
|  80|0x00000000a6800000, 0x00000000a6800000, 0x00000000a6900000|  0%| F|  |TAMS 0x00000000a6800000, 0x00000000a6800000| Untracked 
|  81|0x00000000a6900000, 0x00000000a6900000, 0x00000000a6a00000|  0%| F|  |TAMS 0x00000000a6900000, 0x00000000a6900000| Untracked 
|  82|0x00000000a6a00000, 0x00000000a6a00000, 0x00000000a6b00000|  0%| F|  |TAMS 0x00000000a6a00000, 0x00000000a6a00000| Untracked 
|  83|0x00000000a6b00000, 0x00000000a6b00000, 0x00000000a6c00000|  0%| F|  |TAMS 0x00000000a6b00000, 0x00000000a6b00000| Untracked 
|  84|0x00000000a6c00000, 0x00000000a6c00000, 0x00000000a6d00000|  0%| F|  |TAMS 0x00000000a6c00000, 0x00000000a6c00000| Untracked 
|  85|0x00000000a6d00000, 0x00000000a6d00000, 0x00000000a6e00000|  0%| F|  |TAMS 0x00000000a6d00000, 0x00000000a6d00000| Untracked 
|  86|0x00000000a6e00000, 0x00000000a6e00000, 0x00000000a6f00000|  0%| F|  |TAMS 0x00000000a6e00000, 0x00000000a6e00000| Untracked 
|  87|0x00000000a6f00000, 0x00000000a6f00000, 0x00000000a7000000|  0%| F|  |TAMS 0x00000000a6f00000, 0x00000000a6f00000| Untracked 
|  88|0x00000000a7000000, 0x00000000a7000000, 0x00000000a7100000|  0%| F|  |TAMS 0x00000000a7000000, 0x00000000a7000000| Untracked 
|  89|0x00000000a7100000, 0x00000000a7100000, 0x00000000a7200000|  0%| F|  |TAMS 0x00000000a7100000, 0x00000000a7100000| Untracked 
|  90|0x00000000a7200000, 0x00000000a7200000, 0x00000000a7300000|  0%| F|  |TAMS 0x00000000a7200000, 0x00000000a7200000| Untracked 
|  91|0x00000000a7300000, 0x00000000a7300000, 0x00000000a7400000|  0%| F|  |TAMS 0x00000000a7300000, 0x00000000a7300000| Untracked 
|  92|0x00000000a7400000, 0x00000000a7400000, 0x00000000a7500000|  0%| F|  |TAMS 0x00000000a7400000, 0x00000000a7400000| Untracked 
|  93|0x00000000a7500000, 0x00000000a7500000, 0x00000000a7600000|  0%| F|  |TAMS 0x00000000a7500000, 0x00000000a7500000| Untracked 
|  94|0x00000000a7600000, 0x00000000a7600000, 0x00000000a7700000|  0%| F|  |TAMS 0x00000000a7600000, 0x00000000a7600000| Untracked 
|  95|0x00000000a7700000, 0x00000000a7700000, 0x00000000a7800000|  0%| F|  |TAMS 0x00000000a7700000, 0x00000000a7700000| Untracked 

Card table byte_map: [0x0000022451260000,0x0000022451560000] _byte_map_base: 0x0000022450d54000

Marking Bits (Prev, Next): (CMBitMap*) 0x0000022437e0cc50, (CMBitMap*) 0x0000022437e0cc10
 Prev Bits: [0x0000022453000000, 0x00000224547a0000)
 Next Bits: [0x0000022451860000, 0x0000022453000000)

Polling page: 0x0000022437e80000

Metaspace:

Usage:
  Non-class:     58.72 MB used.
      Class:      9.07 MB used.
       Both:     67.79 MB used.

Virtual space:
  Non-class space:       64.00 MB reserved,      59.06 MB ( 92%) committed,  1 nodes.
      Class space:        1.00 GB reserved,       9.38 MB ( <1%) committed,  1 nodes.
             Both:        1.06 GB reserved,      68.44 MB (  6%) committed. 

Chunk freelists:
   Non-Class:  928.00 KB
       Class:  2.62 MB
        Both:  3.53 MB

MaxMetaspaceSize: unlimited
CompressedClassSpaceSize: 1.00 GB
Initial GC threshold: 21.00 MB
Current GC threshold: 98.25 MB
CDS: on
MetaspaceReclaimPolicy: balanced
 - commit_granule_bytes: 65536.
 - commit_granule_words: 8192.
 - virtual_space_node_default_size: 8388608.
 - enlarge_chunks_in_place: 1.
 - new_chunks_are_fully_committed: 0.
 - uncommit_free_chunks: 1.
 - use_allocation_guard: 0.


Internal statistics:

num_allocs_failed_limit: 9.
num_arena_births: 976.
num_arena_deaths: 0.
num_vsnodes_births: 2.
num_vsnodes_deaths: 0.
num_space_committed: 1095.
num_space_uncommitted: 0.
num_chunks_returned_to_freelist: 9.
num_chunks_taken_from_freelist: 3384.
num_chunk_merges: 9.
num_chunk_splits: 2572.
num_chunks_enlarged: 2123.
num_inconsistent_stats: 0.

CodeHeap 'non-profiled nmethods': size=120000Kb used=3159Kb max_used=3159Kb free=116840Kb
 bounds [0x0000022448fd0000, 0x0000022449300000, 0x0000022450500000]
CodeHeap 'profiled nmethods': size=120000Kb used=9526Kb max_used=10080Kb free=110473Kb
 bounds [0x0000022441500000, 0x0000022441ee0000, 0x0000022448a30000]
CodeHeap 'non-nmethods': size=5760Kb used=1468Kb max_used=1560Kb free=4291Kb
 bounds [0x0000022448a30000, 0x0000022448ca0000, 0x0000022448fd0000]
 total_blobs=5881 nmethods=5146 adapters=645
 compilation: enabled
              stopped_count=0, restarted_count=0
 full_count=0

Compilation events (20 events):
Event: 16.146 Thread 0x0000022457222ef0 nmethod 5985 0x0000022449136e10 code [0x0000022449136fe0, 0x00000224491376a8]
Event: 16.146 Thread 0x0000022457222ef0 5990       4       org.thymeleaf.processor.element.MatchingAttributeName::matches (135 bytes)
Event: 16.146 Thread 0x0000022457231910 nmethod 5995 0x0000022441ba3410 code [0x0000022441ba37e0, 0x0000022441ba5298]
Event: 16.148 Thread 0x0000022457231910 5996       3       org.thymeleaf.engine.AttributeName::<init> (55 bytes)
Event: 16.149 Thread 0x0000022457231910 nmethod 5996 0x0000022441ba2810 code [0x0000022441ba2a40, 0x0000022441ba3198]
Event: 16.150 Thread 0x0000022457222ef0 nmethod 5990 0x0000022449136810 code [0x00000224491369c0, 0x0000022449136bb8]
Event: 16.150 Thread 0x0000022457222ef0 5993       4       org.thymeleaf.engine.AttributeName::equals (69 bytes)
Event: 16.151 Thread 0x0000022457231910 5997       3       org.thymeleaf.engine.AttributeDefinitions$AttributeDefinitionRepository::binarySearch (83 bytes)
Event: 16.152 Thread 0x0000022457222ef0 nmethod 5993 0x0000022449136410 code [0x00000224491365a0, 0x00000224491366b8]
Event: 16.152 Thread 0x0000022457222ef0 5994       4       java.util.HashMap::<init> (98 bytes)
Event: 16.152 Thread 0x0000022457231910 nmethod 5997 0x0000022441ba1e90 code [0x0000022441ba2080, 0x0000022441ba2628]
Event: 16.153 Thread 0x0000022457222ef0 nmethod 5994 0x0000022449136010 code [0x00000224491361a0, 0x00000224491362f8]
Event: 16.154 Thread 0x0000022457222ef0 5998       4       org.thymeleaf.util.Validate::notNull (14 bytes)
Event: 16.154 Thread 0x0000022457222ef0 nmethod 5998 0x0000022449135d10 code [0x0000022449135e80, 0x0000022449135ef8]
Event: 16.155 Thread 0x0000022457231910 5999       3       org.thymeleaf.engine.AttributeDefinitions::forName (149 bytes)
Event: 16.158 Thread 0x0000022457231910 nmethod 5999 0x0000022441b46c90 code [0x0000022441b47180, 0x0000022441b49638]
Event: 16.158 Thread 0x0000022457231910 6001       3       org.thymeleaf.util.ProcessorConfigurationUtils$AbstractProcessorWrapper::setElementDefinitions (24 bytes)
Event: 16.159 Thread 0x0000022457231910 nmethod 6001 0x0000022441b45e90 code [0x0000022441b46080, 0x0000022441b46868]
Event: 16.159 Thread 0x0000022457231910 6000       3       org.thymeleaf.engine.AttributeDefinitions::forHTMLName (34 bytes)
Event: 16.159 Thread 0x0000022457231910 nmethod 6000 0x00000224416b9b90 code [0x00000224416b9d80, 0x00000224416ba1f8]

GC Heap History (20 events):
Event: 3.621 GC heap after
{Heap after GC invocations=5 (full 0):
 garbage-first heap   total 48128K, used 15660K [0x00000000a1800000, 0x0000000100000000)
  region size 1024K, 3 young (3072K), 3 survivors (3072K)
 Metaspace       used 26195K, committed 26624K, reserved 1114112K
  class space    used 3183K, committed 3392K, reserved 1048576K
}
Event: 3.638 GC heap before
{Heap before GC invocations=5 (full 0):
 garbage-first heap   total 48128K, used 16684K [0x00000000a1800000, 0x0000000100000000)
  region size 1024K, 4 young (4096K), 3 survivors (3072K)
 Metaspace       used 26356K, committed 26816K, reserved 1114112K
  class space    used 3203K, committed 3392K, reserved 1048576K
}
Event: 3.645 GC heap after
{Heap after GC invocations=6 (full 0):
 garbage-first heap   total 48128K, used 15997K [0x00000000a1800000, 0x0000000100000000)
  region size 1024K, 1 young (1024K), 1 survivors (1024K)
 Metaspace       used 26356K, committed 26816K, reserved 1114112K
  class space    used 3203K, committed 3392K, reserved 1048576K
}
Event: 4.064 GC heap before
{Heap before GC invocations=6 (full 0):
 garbage-first heap   total 48128K, used 33405K [0x00000000a1800000, 0x0000000100000000)
  region size 1024K, 19 young (19456K), 1 survivors (1024K)
 Metaspace       used 31102K, committed 31616K, reserved 1114112K
  class space    used 3703K, committed 3968K, reserved 1048576K
}
Event: 4.069 GC heap after
{Heap after GC invocations=7 (full 0):
 garbage-first heap   total 93184K, used 17408K [0x00000000a1800000, 0x0000000100000000)
  region size 1024K, 2 young (2048K), 2 survivors (2048K)
 Metaspace       used 31102K, committed 31616K, reserved 1114112K
  class space    used 3703K, committed 3968K, reserved 1048576K
}
Event: 4.511 GC heap before
{Heap before GC invocations=7 (full 0):
 garbage-first heap   total 93184K, used 33792K [0x00000000a1800000, 0x0000000100000000)
  region size 1024K, 20 young (20480K), 2 survivors (2048K)
 Metaspace       used 35458K, committed 35968K, reserved 1114112K
  class space    used 4272K, committed 4544K, reserved 1048576K
}
Event: 4.515 GC heap after
{Heap after GC invocations=8 (full 0):
 garbage-first heap   total 93184K, used 18299K [0x00000000a1800000, 0x0000000100000000)
  region size 1024K, 3 young (3072K), 3 survivors (3072K)
 Metaspace       used 35458K, committed 35968K, reserved 1114112K
  class space    used 4272K, committed 4544K, reserved 1048576K
}
Event: 5.667 GC heap before
{Heap before GC invocations=9 (full 0):
 garbage-first heap   total 71680K, used 60283K [0x00000000a1800000, 0x0000000100000000)
  region size 1024K, 42 young (43008K), 3 survivors (3072K)
 Metaspace       used 47982K, committed 48512K, reserved 1114112K
  class space    used 6092K, committed 6336K, reserved 1048576K
}
Event: 5.673 GC heap after
{Heap after GC invocations=10 (full 0):
 garbage-first heap   total 71680K, used 22723K [0x00000000a1800000, 0x0000000100000000)
  region size 1024K, 6 young (6144K), 6 survivors (6144K)
 Metaspace       used 47982K, committed 48512K, reserved 1114112K
  class space    used 6092K, committed 6336K, reserved 1048576K
}
Event: 5.699 GC heap before
{Heap before GC invocations=10 (full 0):
 garbage-first heap   total 71680K, used 23747K [0x00000000a1800000, 0x0000000100000000)
  region size 1024K, 7 young (7168K), 6 survivors (6144K)
 Metaspace       used 48341K, committed 48896K, reserved 1114112K
  class space    used 6139K, committed 6400K, reserved 1048576K
}
Event: 5.704 GC heap after
{Heap after GC invocations=11 (full 0):
 garbage-first heap   total 71680K, used 23105K [0x00000000a1800000, 0x0000000100000000)
  region size 1024K, 1 young (1024K), 1 survivors (1024K)
 Metaspace       used 48341K, committed 48896K, reserved 1114112K
  class space    used 6139K, committed 6400K, reserved 1048576K
}
Event: 6.380 GC heap before
{Heap before GC invocations=11 (full 0):
 garbage-first heap   total 71680K, used 53825K [0x00000000a1800000, 0x0000000100000000)
  region size 1024K, 32 young (32768K), 1 survivors (1024K)
 Metaspace       used 55454K, committed 56064K, reserved 1114112K
  class space    used 7222K, committed 7488K, reserved 1048576K
}
Event: 6.382 GC heap after
{Heap after GC invocations=12 (full 0):
 garbage-first heap   total 71680K, used 24216K [0x00000000a1800000, 0x0000000100000000)
  region size 1024K, 2 young (2048K), 2 survivors (2048K)
 Metaspace       used 55454K, committed 56064K, reserved 1114112K
  class space    used 7222K, committed 7488K, reserved 1048576K
}
Event: 6.860 GC heap before
{Heap before GC invocations=12 (full 0):
 garbage-first heap   total 71680K, used 43672K [0x00000000a1800000, 0x0000000100000000)
  region size 1024K, 22 young (22528K), 2 survivors (2048K)
 Metaspace       used 59666K, committed 60288K, reserved 1114112K
  class space    used 7840K, committed 8128K, reserved 1048576K
}
Event: 6.865 GC heap after
{Heap after GC invocations=13 (full 0):
 garbage-first heap   total 71680K, used 26333K [0x00000000a1800000, 0x0000000100000000)
  region size 1024K, 4 young (4096K), 4 survivors (4096K)
 Metaspace       used 59666K, committed 60288K, reserved 1114112K
  class space    used 7840K, committed 8128K, reserved 1048576K
}
Event: 7.412 GC heap before
{Heap before GC invocations=14 (full 0):
 garbage-first heap   total 71680K, used 56029K [0x00000000a1800000, 0x0000000100000000)
  region size 1024K, 33 young (33792K), 4 survivors (4096K)
 Metaspace       used 63770K, committed 64512K, reserved 1114112K
  class space    used 8556K, committed 8896K, reserved 1048576K
}
Event: 7.418 GC heap after
{Heap after GC invocations=15 (full 0):
 garbage-first heap   total 71680K, used 28659K [0x00000000a1800000, 0x0000000100000000)
  region size 1024K, 5 young (5120K), 5 survivors (5120K)
 Metaspace       used 63770K, committed 64512K, reserved 1114112K
  class space    used 8556K, committed 8896K, reserved 1048576K
}
Event: 7.439 GC heap before
{Heap before GC invocations=15 (full 0):
 garbage-first heap   total 71680K, used 29683K [0x00000000a1800000, 0x0000000100000000)
  region size 1024K, 6 young (6144K), 5 survivors (5120K)
 Metaspace       used 63877K, committed 64576K, reserved 1114112K
  class space    used 8570K, committed 8896K, reserved 1048576K
}
Event: 7.445 GC heap after
{Heap after GC invocations=16 (full 0):
 garbage-first heap   total 71680K, used 29177K [0x00000000a1800000, 0x0000000100000000)
  region size 1024K, 1 young (1024K), 1 survivors (1024K)
 Metaspace       used 63877K, committed 64576K, reserved 1114112K
  class space    used 8570K, committed 8896K, reserved 1048576K
}
Event: 16.161 GC heap before
{Heap before GC invocations=16 (full 0):
 garbage-first heap   total 71680K, used 55801K [0x00000000a1800000, 0x0000000100000000)
  region size 1024K, 28 young (28672K), 1 survivors (1024K)
 Metaspace       used 69420K, committed 70080K, reserved 1114112K
  class space    used 9290K, committed 9600K, reserved 1048576K
}

Dll operation events (14 events):
Event: 0.009 Loaded shared library C:\Users\PC\.jdks\openjdk-19\bin\java.dll
Event: 0.021 Loaded shared library C:\Users\PC\.jdks\openjdk-19\bin\jsvml.dll
Event: 0.146 Loaded shared library C:\Users\PC\.jdks\openjdk-19\bin\zip.dll
Event: 0.150 Loaded shared library C:\Users\PC\.jdks\openjdk-19\bin\instrument.dll
Event: 0.158 Loaded shared library C:\Users\PC\.jdks\openjdk-19\bin\net.dll
Event: 0.161 Loaded shared library C:\Users\PC\.jdks\openjdk-19\bin\nio.dll
Event: 0.164 Loaded shared library C:\Users\PC\.jdks\openjdk-19\bin\zip.dll
Event: 0.253 Loaded shared library C:\Program Files\JetBrains\IntelliJ IDEA Community Edition 2022.3.1\bin\breakgen64.dll
Event: 0.265 Loaded shared library C:\Users\PC\.jdks\openjdk-19\bin\extnet.dll
Event: 0.300 Loaded shared library C:\Users\PC\.jdks\openjdk-19\bin\jimage.dll
Event: 3.710 Loaded shared library C:\Users\PC\.jdks\openjdk-19\bin\sunmscapi.dll
Event: 3.730 Loaded shared library C:\Users\PC\.jdks\openjdk-19\bin\management.dll
Event: 3.732 Loaded shared library C:\Users\PC\.jdks\openjdk-19\bin\management_ext.dll
Event: 4.676 Loaded shared library C:\Users\PC\.jdks\openjdk-19\bin\verify.dll

Deoptimization events (20 events):
Event: 13.660 Thread 0x000002245d49fb20 Uncommon trap: trap_request=0xffffff45 fr.pc=0x0000022449172198 relative=0x0000000000000518
Event: 13.660 Thread 0x000002245d49fb20 Uncommon trap: reason=unstable_if action=reinterpret pc=0x0000022449172198 method=java.util.Properties.load0(Ljava/util/Properties$LineReader;)V @ 79 c2
Event: 13.660 Thread 0x000002245d49fb20 DEOPT PACKING pc=0x0000022449172198 sp=0x000000ebf83fd240
Event: 13.660 Thread 0x000002245d49fb20 DEOPT UNPACKING pc=0x0000022448a96da3 sp=0x000000ebf83fd1e8 mode 2
Event: 15.809 Thread 0x000002245d49eb30 Uncommon trap: trap_request=0xffffffde fr.pc=0x000002244908e098 relative=0x0000000000001358
Event: 15.809 Thread 0x000002245d49eb30 Uncommon trap: reason=class_check action=maybe_recompile pc=0x000002244908e098 method=org.springframework.core.annotation.AnnotatedElementUtils.getAnnotationAttributes(Lorg/springframework/core/annotation/MergedAnnotation;ZZ)Lorg/springframework/core/anno
Event: 15.809 Thread 0x000002245d49eb30 DEOPT PACKING pc=0x000002244908e098 sp=0x000000ebf85fcb50
Event: 15.809 Thread 0x000002245d49eb30 DEOPT UNPACKING pc=0x0000022448a96da3 sp=0x000000ebf85fc9b8 mode 2
Event: 15.942 Thread 0x000002245d49eb30 Uncommon trap: trap_request=0xffffffde fr.pc=0x000002244908e098 relative=0x0000000000001358
Event: 15.942 Thread 0x000002245d49eb30 Uncommon trap: reason=class_check action=maybe_recompile pc=0x000002244908e098 method=org.springframework.core.annotation.AnnotatedElementUtils.getAnnotationAttributes(Lorg/springframework/core/annotation/MergedAnnotation;ZZ)Lorg/springframework/core/anno
Event: 15.942 Thread 0x000002245d49eb30 DEOPT PACKING pc=0x000002244908e098 sp=0x000000ebf85fcb50
Event: 15.942 Thread 0x000002245d49eb30 DEOPT UNPACKING pc=0x0000022448a96da3 sp=0x000000ebf85fc9b8 mode 2
Event: 16.154 Thread 0x000002245d49eb30 Uncommon trap: trap_request=0xffffff45 fr.pc=0x0000022449136acc relative=0x000000000000010c
Event: 16.154 Thread 0x000002245d49eb30 Uncommon trap: reason=unstable_if action=reinterpret pc=0x0000022449136acc method=org.thymeleaf.engine.AttributeName.equals(Ljava/lang/Object;)Z @ 2 c2
Event: 16.154 Thread 0x000002245d49eb30 DEOPT PACKING pc=0x0000022449136acc sp=0x000000ebf85fd050
Event: 16.154 Thread 0x000002245d49eb30 DEOPT UNPACKING pc=0x0000022448a96da3 sp=0x000000ebf85fcf60 mode 2
Event: 16.154 Thread 0x000002245d49eb30 Uncommon trap: trap_request=0xffffff45 fr.pc=0x000002244913663c relative=0x000000000000009c
Event: 16.154 Thread 0x000002245d49eb30 Uncommon trap: reason=unstable_if action=reinterpret pc=0x000002244913663c method=org.thymeleaf.engine.AttributeName.equals(Ljava/lang/Object;)Z @ 2 c2
Event: 16.154 Thread 0x000002245d49eb30 DEOPT PACKING pc=0x000002244913663c sp=0x000000ebf85fcfb0
Event: 16.154 Thread 0x000002245d49eb30 DEOPT UNPACKING pc=0x0000022448a96da3 sp=0x000000ebf85fcf50 mode 2

Classes loaded (20 events):
Event: 13.595 Loading class java/time/format/DateTimeFormatterBuilder$ZoneTextPrinterParser
Event: 13.596 Loading class java/time/format/DateTimeFormatterBuilder$ZoneTextPrinterParser done
Event: 13.596 Loading class java/time/format/DateTimeFormatterBuilder$ReducedPrinterParser
Event: 13.601 Loading class java/time/format/DateTimeFormatterBuilder$ReducedPrinterParser done
Event: 13.663 Loading class java/io/PrintWriter$1
Event: 13.663 Loading class jdk/internal/access/JavaIOPrintWriterAccess
Event: 13.663 Loading class jdk/internal/access/JavaIOPrintWriterAccess done
Event: 13.663 Loading class java/io/PrintWriter$1 done
Event: 15.935 Loading class jdk/internal/math/FormattedFloatingDecimal$Form
Event: 15.935 Loading class jdk/internal/math/FormattedFloatingDecimal$Form done
Event: 15.936 Loading class jdk/internal/math/FormattedFloatingDecimal
Event: 15.936 Loading class jdk/internal/math/FormattedFloatingDecimal done
Event: 15.936 Loading class jdk/internal/math/FormattedFloatingDecimal$1
Event: 15.937 Loading class jdk/internal/math/FormattedFloatingDecimal$1 done
Event: 15.937 Loading class jdk/internal/math/FormattedFloatingDecimal$2
Event: 15.937 Loading class jdk/internal/math/FormattedFloatingDecimal$2 done
Event: 16.000 Loading class java/util/concurrent/locks/ReentrantReadWriteLock$FairSync
Event: 16.001 Loading class java/util/concurrent/locks/ReentrantReadWriteLock$FairSync done
Event: 16.099 Loading class java/util/EnumMap$EntryIterator$Entry
Event: 16.102 Loading class java/util/EnumMap$EntryIterator$Entry done

Classes unloaded (0 events):
No events

Classes redefined (0 events):
No events

Internal exceptions (20 events):
Event: 6.401 Thread 0x0000022437dbaa20 Exception <a 'java/lang/IncompatibleClassChangeError'{0x00000000a60d9ec8}: Found class java.lang.Object, but interface was expected> (0x00000000a60d9ec8) 
thrown [s\open\src\hotspot\share\interpreter\linkResolver.cpp, line 841]
Event: 6.405 Thread 0x0000022437dbaa20 Implicit null exception at 0x00000224492604a4 to 0x0000022449261cd0
Event: 6.410 Thread 0x0000022437dbaa20 Exception <a 'java/lang/IncompatibleClassChangeError'{0x00000000a5f56618}: Found class java.lang.Object, but interface was expected> (0x00000000a5f56618) 
thrown [s\open\src\hotspot\share\interpreter\linkResolver.cpp, line 841]
Event: 6.440 Thread 0x0000022437dbaa20 Exception <a 'java/lang/IncompatibleClassChangeError'{0x00000000a5e9dff0}: Found class java.lang.Object, but interface was expected> (0x00000000a5e9dff0) 
thrown [s\open\src\hotspot\share\interpreter\linkResolver.cpp, line 841]
Event: 6.609 Thread 0x0000022437dbaa20 Exception <a 'java/lang/IncompatibleClassChangeError'{0x00000000a54b1970}: Found class java.lang.Object, but interface was expected> (0x00000000a54b1970) 
thrown [s\open\src\hotspot\share\interpreter\linkResolver.cpp, line 841]
Event: 7.222 Thread 0x0000022437dbaa20 Exception <a 'java/lang/NoSuchMethodError'{0x00000000a456c010}: 'java.lang.Object java.lang.invoke.DirectMethodHandle$Holder.newInvokeSpecial(java.lang.Object, java.lang.Object, java.lang.Object, java.lang.Object, java.lang.Object, java.lang.Object, java.lang.Object, java.lang.Object)'> (0x00000000a456c010) 
thrown [s\open\src\hotspot\share\interpreter\linkResolver.cpp, line 774]
Event: 7.307 Thread 0x0000022437dbaa20 Exception <a 'sun/nio/fs/WindowsException'{0x00000000a42a9f10}> (0x00000000a42a9f10) 
thrown [s\open\src\hotspot\share\prims\jni.cpp, line 517]
Event: 7.374 Thread 0x0000022437dbaa20 Exception <a 'java/lang/NoSuchMethodError'{0x00000000a3e47710}: 'void java.lang.invoke.DirectMethodHandle$Holder.invokeVirtual(java.lang.Object, java.lang.Object, long)'> (0x00000000a3e47710) 
thrown [s\open\src\hotspot\share\interpreter\linkResolver.cpp, line 774]
Event: 7.555 Thread 0x0000022437dbaa20 Exception <a 'java/lang/IncompatibleClassChangeError'{0x00000000a59a0578}: Found class java.lang.Object, but interface was expected> (0x00000000a59a0578) 
thrown [s\open\src\hotspot\share\interpreter\linkResolver.cpp, line 841]
Event: 7.592 Thread 0x0000022437dbaa20 Exception <a 'java/lang/NoSuchMethodError'{0x00000000a5717498}: 'int java.lang.invoke.DirectMethodHandle$Holder.invokeStaticInit(java.lang.Object, java.lang.Object, java.lang.Object, java.lang.Object)'> (0x00000000a5717498) 
thrown [s\open\src\hotspot\share\interpreter\linkResolver.cpp, line 774]
Event: 7.670 Thread 0x0000022437dbaa20 Implicit null exception at 0x00000224490f285a to 0x00000224490f2a90
Event: 7.735 Thread 0x0000022437dbaa20 Exception <a 'java/lang/NoSuchMethodError'{0x00000000a514a6e0}: 'java.lang.Object java.lang.invoke.DirectMethodHandle$Holder.newInvokeSpecial(java.lang.Object, java.lang.Object, int, java.lang.Object, java.lang.Object)'> (0x00000000a514a6e0) 
thrown [s\open\src\hotspot\share\interpreter\linkResolver.cpp, line 774]
Event: 7.736 Thread 0x0000022437dbaa20 Exception <a 'java/lang/NoSuchMethodError'{0x00000000a5155be8}: 'java.lang.Object java.lang.invoke.DirectMethodHandle$Holder.invokeSpecial(java.lang.Object, java.lang.Object, int, java.lang.Object, int, java.lang.Object)'> (0x00000000a5155be8) 
thrown [s\open\src\hotspot\share\interpreter\linkResolver.cpp, line 774]
Event: 7.737 Thread 0x0000022437dbaa20 Exception <a 'java/lang/NoSuchMethodError'{0x00000000a515d940}: 'java.lang.Object java.lang.invoke.DirectMethodHandle$Holder.newInvokeSpecial(java.lang.Object, java.lang.Object, int, java.lang.Object, int)'> (0x00000000a515d940) 
thrown [s\open\src\hotspot\share\interpreter\linkResolver.cpp, line 774]
Event: 7.737 Thread 0x0000022437dbaa20 Exception <a 'java/lang/NoSuchMethodError'{0x00000000a5161a58}: 'java.lang.Object java.lang.invoke.DirectMethodHandle$Holder.invokeSpecial(java.lang.Object, java.lang.Object, java.lang.Object, int, java.lang.Object, int)'> (0x00000000a5161a58) 
thrown [s\open\src\hotspot\share\interpreter\linkResolver.cpp, line 774]
Event: 12.835 Thread 0x000002245d49fb20 Exception <a 'java/lang/NoSuchMethodError'{0x00000000a4ef65a0}: 'java.lang.Object java.lang.invoke.DirectMethodHandle$Holder.invokeSpecial(java.lang.Object, java.lang.Object, java.lang.Object, java.lang.Object, java.lang.Object, long)'> (0x00000000a4ef65a0) 
thrown [s\open\src\hotspot\share\interpreter\linkResolver.cpp, line 774]
Event: 12.835 Thread 0x000002245d49fb20 Exception <a 'java/lang/NoSuchMethodError'{0x00000000a4ef9ff0}: 'java.lang.Object java.lang.invoke.Invokers$Holder.linkToTargetMethod(java.lang.Object, java.lang.Object, java.lang.Object, long, java.lang.Object)'> (0x00000000a4ef9ff0) 
thrown [s\open\src\hotspot\share\interpreter\linkResolver.cpp, line 774]
Event: 15.826 Thread 0x000002245d49eb30 Exception <a 'java/lang/NoSuchMethodError'{0x00000000a48746c8}: 'java.lang.Object java.lang.invoke.DirectMethodHandle$Holder.invokeInterface(java.lang.Object, java.lang.Object, java.lang.Object, java.lang.Object)'> (0x00000000a48746c8) 
thrown [s\open\src\hotspot\share\interpreter\linkResolver.cpp, line 774]
Event: 15.827 Thread 0x000002245d49eb30 Exception <a 'java/lang/NoSuchMethodError'{0x00000000a488bb18}: 'java.lang.Object java.lang.invoke.DirectMethodHandle$Holder.invokeInterface(java.lang.Object, java.lang.Object, java.lang.Object, java.lang.Object, java.lang.Object)'> (0x00000000a488bb18) 
thrown [s\open\src\hotspot\share\interpreter\linkResolver.cpp, line 774]
Event: 15.843 Thread 0x000002245d49eb30 Exception <a 'java/lang/NoSuchMethodError'{0x00000000a48da438}: 'void java.lang.invoke.DirectMethodHandle$Holder.invokeSpecialIFC(java.lang.Object, java.lang.Object, int, java.lang.Object, java.lang.Object, java.lang.Object, java.lang.Object)'> (0x00000000a48da438) 
thrown [s\open\src\hotspot\share\interpreter\linkResolver.cpp, line 774]

VM Operations (20 events):
Event: 7.418 Executing VM operation: G1CollectForAllocation done
Event: 7.439 Executing VM operation: G1CollectForAllocation
Event: 7.439 Executing VM operation: G1CollectForAllocation done
Event: 7.439 Executing VM operation: G1CollectForAllocation
Event: 7.445 Executing VM operation: G1CollectForAllocation done
Event: 7.529 Executing VM operation: HandshakeAllThreads
Event: 7.529 Executing VM operation: HandshakeAllThreads done
Event: 8.543 Executing VM operation: Cleanup
Event: 8.543 Executing VM operation: Cleanup done
Event: 13.435 Executing VM operation: HandshakeAllThreads
Event: 13.435 Executing VM operation: HandshakeAllThreads done
Event: 13.435 Executing VM operation: Cleanup
Event: 13.435 Executing VM operation: Cleanup done
Event: 13.641 Executing VM operation: HandshakeAllThreads
Event: 13.641 Executing VM operation: HandshakeAllThreads done
Event: 13.653 Executing VM operation: HandshakeAllThreads
Event: 13.653 Executing VM operation: HandshakeAllThreads done
Event: 14.659 Executing VM operation: Cleanup
Event: 14.659 Executing VM operation: Cleanup done
Event: 16.161 Executing VM operation: G1CollectForAllocation

Events (20 events):
Event: 6.641 Thread 0x0000022457265a70 flushing nmethod 0x0000022441dc1c10
Event: 6.641 Thread 0x0000022457265a70 flushing nmethod 0x0000022441dc9190
Event: 6.641 Thread 0x0000022457265a70 flushing nmethod 0x0000022441dd3510
Event: 6.641 Thread 0x0000022457265a70 flushing nmethod 0x0000022441de0e10
Event: 7.750 Thread 0x000002245d49fb20 Thread added: 0x000002245d49fb20
Event: 7.750 Thread 0x000002245d4a05c0 Thread added: 0x000002245d4a05c0
Event: 7.750 Thread 0x000002245d49eb30 Thread added: 0x000002245d49eb30
Event: 7.750 Thread 0x000002245d4a0070 Thread added: 0x000002245d4a0070
Event: 7.750 Thread 0x000002245d49f080 Thread added: 0x000002245d49f080
Event: 7.751 Thread 0x000002245e4a7af0 Thread added: 0x000002245e4a7af0
Event: 7.751 Thread 0x000002245e4ada90 Thread added: 0x000002245e4ada90
Event: 7.751 Thread 0x000002245e4abab0 Thread added: 0x000002245e4abab0
Event: 7.751 Thread 0x000002245e4ac000 Thread added: 0x000002245e4ac000
Event: 7.751 Thread 0x000002245e4a8040 Thread added: 0x000002245e4a8040
Event: 7.766 Thread 0x000002245e4a9030 Thread added: 0x000002245e4a9030
Event: 7.768 Thread 0x000002245e4ad540 Thread added: 0x000002245e4ad540
Event: 7.787 Thread 0x0000022437dbaa20 Thread exited: 0x0000022437dbaa20
Event: 7.787 Thread 0x000002245e4a9580 Thread added: 0x000002245e4a9580
Event: 9.411 Thread 0x000002245d49e090 Thread exited: 0x000002245d49e090
Event: 10.190 Thread 0x000002245e2eabc0 Thread exited: 0x000002245e2eabc0


Dynamic libraries:
0x00007ff6e7970000 - 0x00007ff6e797e000 	C:\Users\PC\.jdks\openjdk-19\bin\java.exe
0x00007ffe4fa90000 - 0x00007ffe4fc87000 	C:\Windows\SYSTEM32\ntdll.dll
0x00007ffe4e690000 - 0x00007ffe4e74d000 	C:\Windows\System32\KERNEL32.DLL
0x00007ffe4d330000 - 0x00007ffe4d626000 	C:\Windows\System32\KERNELBASE.dll
0x00007ffe4d890000 - 0x00007ffe4d990000 	C:\Windows\System32\ucrtbase.dll
0x00007ffe47620000 - 0x00007ffe4763b000 	C:\Users\PC\.jdks\openjdk-19\bin\VCRUNTIME140.dll
0x00007ffe47640000 - 0x00007ffe47657000 	C:\Users\PC\.jdks\openjdk-19\bin\jli.dll
0x00007ffe4f3b0000 - 0x00007ffe4f54e000 	C:\Windows\System32\USER32.dll
0x00007ffe4d240000 - 0x00007ffe4d262000 	C:\Windows\System32\win32u.dll
0x00007ffe3db70000 - 0x00007ffe3de0a000 	C:\Windows\WinSxS\amd64_microsoft.windows.common-controls_6595b64144ccf1df_6.0.19041.3570_none_60bb2a3971f3e41a\COMCTL32.dll
0x00007ffe4dd10000 - 0x00007ffe4dd3c000 	C:\Windows\System32\GDI32.dll
0x00007ffe4dd40000 - 0x00007ffe4ddde000 	C:\Windows\System32\msvcrt.dll
0x00007ffe4d770000 - 0x00007ffe4d88a000 	C:\Windows\System32\gdi32full.dll
0x00007ffe4d170000 - 0x00007ffe4d20d000 	C:\Windows\System32\msvcp_win.dll
0x00007ffe4e780000 - 0x00007ffe4e7b0000 	C:\Windows\System32\IMM32.DLL
0x00007ffe4a630000 - 0x00007ffe4a63c000 	C:\Users\PC\.jdks\openjdk-19\bin\vcruntime140_1.dll
0x00007ffe2e6d0000 - 0x00007ffe2e75e000 	C:\Users\PC\.jdks\openjdk-19\bin\msvcp140.dll
0x00007ffe0b480000 - 0x00007ffe0c140000 	C:\Users\PC\.jdks\openjdk-19\bin\server\jvm.dll
0x00007ffe4f2f0000 - 0x00007ffe4f39e000 	C:\Windows\System32\ADVAPI32.dll
0x00007ffe4de40000 - 0x00007ffe4dedc000 	C:\Windows\System32\sechost.dll
0x00007ffe4f550000 - 0x00007ffe4f676000 	C:\Windows\System32\RPCRT4.dll
0x00007ffe3b3b0000 - 0x00007ffe3b3d7000 	C:\Windows\SYSTEM32\WINMM.dll
0x00007ffe3a1c0000 - 0x00007ffe3a1c9000 	C:\Windows\SYSTEM32\WSOCK32.dll
0x00007ffe42a80000 - 0x00007ffe42a8a000 	C:\Windows\SYSTEM32\VERSION.dll
0x00007ffe4f9e0000 - 0x00007ffe4fa4b000 	C:\Windows\System32\WS2_32.dll
0x00007ffe4b010000 - 0x00007ffe4b022000 	C:\Windows\SYSTEM32\kernel.appcore.dll
0x00007ffe4a5a0000 - 0x00007ffe4a5aa000 	C:\Users\PC\.jdks\openjdk-19\bin\jimage.dll
0x00007ffe44410000 - 0x00007ffe445f4000 	C:\Windows\SYSTEM32\DBGHELP.DLL
0x00007ffe434a0000 - 0x00007ffe434d4000 	C:\Windows\SYSTEM32\dbgcore.DLL
0x00007ffe4d630000 - 0x00007ffe4d6b2000 	C:\Windows\System32\bcryptPrimitives.dll
0x00007ffe475b0000 - 0x00007ffe475be000 	C:\Users\PC\.jdks\openjdk-19\bin\instrument.dll
0x00007ffe475f0000 - 0x00007ffe47616000 	C:\Users\PC\.jdks\openjdk-19\bin\java.dll
0x00007ffe1e670000 - 0x00007ffe1e747000 	C:\Users\PC\.jdks\openjdk-19\bin\jsvml.dll
0x00007ffe4dee0000 - 0x00007ffe4e624000 	C:\Windows\System32\SHELL32.dll
0x00007ffe4b210000 - 0x00007ffe4b9ab000 	C:\Windows\SYSTEM32\windows.storage.dll
0x00007ffe4f680000 - 0x00007ffe4f9d4000 	C:\Windows\System32\combase.dll
0x00007ffe4cae0000 - 0x00007ffe4cb0d000 	C:\Windows\SYSTEM32\Wldp.dll
0x00007ffe4ead0000 - 0x00007ffe4eb7d000 	C:\Windows\System32\SHCORE.dll
0x00007ffe4dde0000 - 0x00007ffe4de35000 	C:\Windows\System32\shlwapi.dll
0x00007ffe4d0a0000 - 0x00007ffe4d0c5000 	C:\Windows\SYSTEM32\profapi.dll
0x00007ffe40d60000 - 0x00007ffe40d78000 	C:\Users\PC\.jdks\openjdk-19\bin\zip.dll
0x00007ffe46650000 - 0x00007ffe46663000 	C:\Users\PC\.jdks\openjdk-19\bin\net.dll
0x00007ffe46250000 - 0x00007ffe4635a000 	C:\Windows\SYSTEM32\WINHTTP.dll
0x00007ffe4c840000 - 0x00007ffe4c8aa000 	C:\Windows\system32\mswsock.dll
0x00007ffe42d60000 - 0x00007ffe42d76000 	C:\Users\PC\.jdks\openjdk-19\bin\nio.dll
0x00007ffe40d40000 - 0x00007ffe40d5a000 	C:\Program Files\JetBrains\IntelliJ IDEA Community Edition 2022.3.1\bin\breakgen64.dll
0x00007ffe46580000 - 0x00007ffe46588000 	C:\Users\PC\.jdks\openjdk-19\bin\extnet.dll
0x00007ffe4ca40000 - 0x00007ffe4ca58000 	C:\Windows\SYSTEM32\CRYPTSP.dll
0x00007ffe4c150000 - 0x00007ffe4c184000 	C:\Windows\system32\rsaenh.dll
0x00007ffe4d210000 - 0x00007ffe4d237000 	C:\Windows\System32\bcrypt.dll
0x00007ffe4d060000 - 0x00007ffe4d08e000 	C:\Windows\SYSTEM32\USERENV.dll
0x00007ffe4ca30000 - 0x00007ffe4ca3c000 	C:\Windows\SYSTEM32\CRYPTBASE.dll
0x00007ffe4c530000 - 0x00007ffe4c56b000 	C:\Windows\SYSTEM32\IPHLPAPI.DLL
0x00007ffe4dd00000 - 0x00007ffe4dd08000 	C:\Windows\System32\NSI.dll
0x00007ffe471d0000 - 0x00007ffe471e7000 	C:\Windows\SYSTEM32\dhcpcsvc6.DLL
0x00007ffe471b0000 - 0x00007ffe471cd000 	C:\Windows\SYSTEM32\dhcpcsvc.DLL
0x00007ffe4c570000 - 0x00007ffe4c63a000 	C:\Windows\SYSTEM32\DNSAPI.dll
0x00007ffe42790000 - 0x00007ffe4279e000 	C:\Users\PC\.jdks\openjdk-19\bin\sunmscapi.dll
0x00007ffe4d990000 - 0x00007ffe4daed000 	C:\Windows\System32\CRYPT32.dll
0x00007ffe4cb50000 - 0x00007ffe4cb77000 	C:\Windows\SYSTEM32\ncrypt.dll
0x00007ffe4cb10000 - 0x00007ffe4cb4b000 	C:\Windows\SYSTEM32\NTASN1.dll
0x00007ffe42dc0000 - 0x00007ffe42dca000 	C:\Users\PC\.jdks\openjdk-19\bin\management.dll
0x00007ffe42880000 - 0x00007ffe4288b000 	C:\Users\PC\.jdks\openjdk-19\bin\management_ext.dll
0x00007ffe4f3a0000 - 0x00007ffe4f3a8000 	C:\Windows\System32\PSAPI.DLL
0x00007ffe465a0000 - 0x00007ffe465b0000 	C:\Users\PC\.jdks\openjdk-19\bin\verify.dll
0x00007ffe42af0000 - 0x00007ffe42af7000 	C:\Windows\system32\wshunix.dll

dbghelp: loaded successfully - version: 4.0.5 - missing functions: none
symbol engine: initialized successfully - sym options: 0x614 - pdb path: .;C:\Users\PC\.jdks\openjdk-19\bin;C:\Windows\SYSTEM32;C:\Windows\WinSxS\amd64_microsoft.windows.common-controls_6595b64144ccf1df_6.0.19041.3570_none_60bb2a3971f3e41a;C:\Users\PC\.jdks\openjdk-19\bin\server;C:\Program Files\JetBrains\IntelliJ IDEA Community Edition 2022.3.1\bin

VM Arguments:
jvm_args: -javaagent:C:\Program Files\JetBrains\IntelliJ IDEA Community Edition 2022.3.1\lib\idea_rt.jar=51981:C:\Program Files\JetBrains\IntelliJ IDEA Community Edition 2022.3.1\bin -Dfile.encoding=UTF-8 -Dsun.stdout.encoding=UTF-8 -Dsun.stderr.encoding=UTF-8 
java_command: com.pin120.BuildManagementSystem.BuildManagementSystemApplication
java_class_path (initial): C:\Users\PC\Documents\JavaSpringLabs\BuildManagementSystem\target\classes;C:\Users\PC\.m2\repository\org\springframework\boot\spring-boot-starter-data-jpa\3.1.5\spring-boot-starter-data-jpa-3.1.5.jar;C:\Users\PC\.m2\repository\org\springframework\boot\spring-boot-starter-aop\3.1.5\spring-boot-starter-aop-3.1.5.jar;C:\Users\PC\.m2\repository\org\springframework\spring-aop\6.0.13\spring-aop-6.0.13.jar;C:\Users\PC\.m2\repository\org\aspectj\aspectjweaver\1.9.20\aspectjweaver-1.9.20.jar;C:\Users\PC\.m2\repository\org\springframework\boot\spring-boot-starter-jdbc\3.1.5\spring-boot-starter-jdbc-3.1.5.jar;C:\Users\PC\.m2\repository\com\zaxxer\HikariCP\5.0.1\HikariCP-5.0.1.jar;C:\Users\PC\.m2\repository\org\springframework\spring-jdbc\6.0.13\spring-jdbc-6.0.13.jar;C:\Users\PC\.m2\repository\org\hibernate\orm\hibernate-core\6.2.13.Final\hibernate-core-6.2.13.Final.jar;C:\Users\PC\.m2\repository\jakarta\persistence\jakarta.persistence-api\3.1.0\jakarta.persistence-api-3.1.0.jar;C:\Users\PC\.m2\repository\jakarta\transaction\jakarta.transaction-api\2.0.1\jakarta.transaction-api-2.0.1.jar;C:\Users\PC\.m2\repository\org\jboss\logging\jboss-logging\3.5.3.Final\jboss-logging-3.5.3.Final.jar;C:\Users\PC\.m2\repository\org\hibernate\common\hibernate-commons-annotations\6.0.6.Final\hibernate-commons-annotations-6.0.6.Final.jar;C:\Users\PC\.m2\repository\io\smallrye\jandex\3.0.5\jandex-3.0.5.jar;C:\Users\PC\.m2\repository\com\fasterxml\classmate\1.5.1\classmate-1.5.1.jar;C:\Users\PC\.m2\repository\net\bytebuddy\byte-buddy\1.14.9\byte-buddy-1.14.9.jar;C:\Users\PC\.m2\repository\org\glassfish\jaxb\jaxb-runtime\4.0.3\jaxb-runtime-4.0.3.jar;C:\Users\PC\.m2\repository\org\glassfish\jaxb\jaxb-core\4.0.3\jaxb-core-4.0.3.jar;C:\Users\PC\.m2\repository\org\eclipse\angus\angus-activation\2.0.1\angus-activation-2.0.1.jar;C:\Users\PC\.m2\repository\org\glassfish\jaxb\txw2\4.0.3\txw2-4.0.3.jar;C:\Users\PC\.m2\repository\com\sun\istack\istack-commons-runtime\4.1.2\istack-commons-runtime-4.1.2.jar;C:\Users\PC\.m2\repository\jakarta\inject\jakarta.inject-api\2.0.1\jakarta.inject-api-2.0.1.jar;C:\Users\PC\.m2\repository\org\antlr\antlr4-runtime\4.10.1\antlr4-runtime-4.10.1.jar;C:\Users\PC\.m2\repository\org\springframework\data\spring-data-jpa\3.1.5\spring-data-jpa-3.1.5.jar;C:\Users\PC\.m2\repository\org\springframework\data\spring-data-commons\3.1.5\spring-data-commons-3.1.5.jar;C:\Users\PC\.m2\repository\org\springframework\spring-orm\6.0.13\spring-orm-6.0.13.jar;C:\Users\PC\.m2\repository\org\springframework\spring-context\6.0.13\spring-context-6.0.13.jar;C:\Users\PC\.m2\repository\org\springframework\spring-tx\6.0.13\spring-tx-6.0.13.jar;C:\Users\PC\.m2\repository\org\springframework\spring-beans\6.0.13\spring-beans-6.0.13.jar;C:\Users\PC\.m2\repository\jakarta\annotation\jakarta.annotation-api\2.1.1\jakarta.annotation-api-2.1.1.jar;C:\Users\PC\.m2\repository\org\slf4j\slf4j-api\2.0.9\slf4j-api-2.0.9.jar;C:\Users\PC\.m2\repository\org\springframework\spring-aspects\6.0.13\spring-aspects-6.0.13.jar;C:\Users\PC\.m2\repository\org\springframework\boot\spring-boot-starter-thymeleaf\3.1.5\spring-boot-starter-thymeleaf-3.1.5.jar;C:\Users\PC\.m2\repository\org\springframework\boot\spring-boot-starter\3.1.5\spring-boot-starter-3.1.5.jar;C:\Users\PC\.m2\repository\org\springframework\boot\spring-boot\3.1.5\spring-boot-3.1.5.jar;C:\Users\PC\.m2\repository\org\springframework\boot\spring-boot-autoconfigure\3.1.5\spring-boot-autoconfigure-3.1.5.jar;C:\Users\PC\.m2\repository\org\springframework\boot\spring-boot-starter-logging\3.1.5\spring-boot-starter-logging-3.1.5.jar;C:\Users\PC\.m2\repository\ch\qos\logback\logback-classic\1.4.11\logback-classic-1.4.11.jar;C:\Users\PC\.m2\repository\ch\qos\logback\logback-core\1.4.11\logback-core-1.4.11.jar;C:\Users\PC\.m2\repository\org\apache\logging\log4j\log4j-to-slf4j\2.20.0\log4j-to-slf4j-2.20.0.jar;C:\Users\PC\.m2\repository\org\apache\logging\log4j\log4j-api\2.20.0\log4j-api-2.20.0.jar;C:\Users\PC\.m2\repository\org\slf4j\jul-to-slf4j\2.0.9\jul-to-slf4j-2.0.9.jar;C:\Users\PC\.m2\repository\org\yaml\snakeyaml\1.33\snakeyaml-1.33.jar;C:\Users\PC\.m2\repository\org\thymeleaf\thymeleaf-spring6\3.1.2.RELEASE\thymeleaf-spring6-3.1.2.RELEASE.jar;C:\Users\PC\.m2\repository\org\thymeleaf\thymeleaf\3.1.2.RELEASE\thymeleaf-3.1.2.RELEASE.jar;C:\Users\PC\.m2\repository\org\attoparser\attoparser\2.0.7.RELEASE\attoparser-2.0.7.RELEASE.jar;C:\Users\PC\.m2\repository\org\unbescape\unbescape\1.1.6.RELEASE\unbescape-1.1.6.RELEASE.jar;C:\Users\PC\.m2\repository\org\springframework\boot\spring-boot-starter-web\3.1.5\spring-boot-starter-web-3.1.5.jar;C:\Users\PC\.m2\repository\org\springframework\boot\spring-boot-starter-json\3.1.5\spring-boot-starter-json-3.1.5.jar;C:\Users\PC\.m2\repository\com\fasterxml\jackson\core\jackson-databind\2.15.3\jackson-databind-2.15.3.jar;C:\Users\PC\.m2\repository\com\fasterxml\jackson\core\jackson-annotations\2.15.3\jackson-annotations-2.15.3.jar;C:\Users\PC\.m2\repository\com\fasterxml\jackson\core\jackson-core\2.15.3\jackson-core-2.15.3.jar;C:\Users\PC\.m2\repository\com\fasterxml\jackson\datatype\jackson-datatype-jdk8\2.15.3\jackson-datatype-jdk8-2.15.3.jar;C:\Users\PC\.m2\repository\com\fasterxml\jackson\datatype\jackson-datatype-jsr310\2.15.3\jackson-datatype-jsr310-2.15.3.jar;C:\Users\PC\.m2\repository\com\fasterxml\jackson\module\jackson-module-parameter-names\2.15.3\jackson-module-parameter-names-2.15.3.jar;C:\Users\PC\.m2\repository\org\springframework\boot\spring-boot-starter-tomcat\3.1.5\spring-boot-starter-tomcat-3.1.5.jar;C:\Users\PC\.m2\repository\org\apache\tomcat\embed\tomcat-embed-core\10.1.15\tomcat-embed-core-10.1.15.jar;C:\Users\PC\.m2\repository\org\apache\tomcat\embed\tomcat-embed-el\10.1.15\tomcat-embed-el-10.1.15.jar;C:\Users\PC\.m2\repository\org\apache\tomcat\embed\tomcat-embed-websocket\10.1.15\tomcat-embed-websocket-10.1.15.jar;C:\Users\PC\.m2\repository\org\springframework\spring-web\6.0.13\spring-web-6.0.13.jar;C:\Users\PC\.m2\repository\io\micrometer\micrometer-observation\1.11.5\micrometer-observation-1.11.5.jar;C:\Users\PC\.m2\repository\io\micrometer\micrometer-commons\1.11.5\micrometer-commons-1.11.5.jar;C:\Users\PC\.m2\repository\org\springframework\spring-webmvc\6.0.13\spring-webmvc-6.0.13.jar;C:\Users\PC\.m2\repository\org\springframework\spring-expression\6.0.13\spring-expression-6.0.13.jar;C:\Users\PC\.m2\repository\com\h2database\h2\2.1.214\h2-2.1.214.jar;C:\Users\PC\.m2\repository\jakarta\xml\bind\jakarta.xml.bind-api\4.0.1\jakarta.xml.bind-api-4.0.1.jar;C:\Users\PC\.m2\repository\jakarta\activation\jakarta.activation-api\2.1.2\jakarta.activation-api-2.1.2.jar;C:\Users\PC\.m2\repository\org\springframework\spring-core\6.0.13\spring-core-6.0.13.jar;C:\Users\PC\.m2\repository\org\springframework\spring-jcl\6.0.13\spring-jcl-6.0.13.jar;C:\Users\PC\.m2\repository\org\projectlombok\lombok\1.18.30\lombok-1.18.30.jar
Launcher Type: SUN_STANDARD

[Global flags]
     intx CICompilerCount                          = 4                                         {product} {ergonomic}
     uint ConcGCThreads                            = 2                                         {product} {ergonomic}
     uint G1ConcRefinementThreads                  = 8                                         {product} {ergonomic}
   size_t G1HeapRegionSize                         = 1048576                                   {product} {ergonomic}
    uintx GCDrainStackTargetSize                   = 64                                        {product} {ergonomic}
   size_t InitialHeapSize                          = 100663296                                 {product} {ergonomic}
   size_t MarkStackSize                            = 4194304                                   {product} {ergonomic}
   size_t MaxHeapSize                              = 1585446912                                {product} {ergonomic}
   size_t MaxNewSize                               = 951058432                                 {product} {ergonomic}
   size_t MinHeapDeltaBytes                        = 1048576                                   {product} {ergonomic}
   size_t MinHeapSize                              = 8388608                                   {product} {ergonomic}
    uintx NonNMethodCodeHeapSize                   = 5839372                                {pd product} {ergonomic}
    uintx NonProfiledCodeHeapSize                  = 122909434                              {pd product} {ergonomic}
    uintx ProfiledCodeHeapSize                     = 122909434                              {pd product} {ergonomic}
    uintx ReservedCodeCacheSize                    = 251658240                              {pd product} {ergonomic}
     bool SegmentedCodeCache                       = true                                      {product} {ergonomic}
   size_t SoftMaxHeapSize                          = 1585446912                             {manageable} {ergonomic}
     bool UseCompressedClassPointers               = true                           {product lp64_product} {ergonomic}
     bool UseCompressedOops                        = true                           {product lp64_product} {ergonomic}
     bool UseG1GC                                  = true                                      {product} {ergonomic}
     bool UseLargePagesIndividualAllocation        = false                                  {pd product} {ergonomic}

Logging:
Log output configuration:
 #0: stdout all=warning uptime,level,tags foldmultilines=false
 #1: stderr all=off uptime,level,tags foldmultilines=false

Environment Variables:
PATH=C:\Oracle\bin;C:\OracleDb\bin;C:\Program Files\Common Files\Oracle\Java\javapath;C:\Program Files (x86)\Common Files\Oracle\Java\javapath;C:\Program Files (x86)\NVIDIA Corporation\PhysX\Common;C:\ProgramData\Oracle\Java\javapath;C:\Users\PC\gcc\bin;C:\Users\PC\gcc\libexec\gcc\x86_64-w64-mingw32\7.4.0;C:\Windows\system32;C:\Windows;C:\Windows\System32\Wbem;C:\Windows\System32\WindowsPowerShell\v1.0\;C:\Windows\System32\OpenSSH\;C:\Program Files\Microsoft SQL Server\130\Tools\Binn\;C:\Program Files (x86)\Microsoft SQL Server\150\DTS\Binn\;C:\Program Files\Git\cmd;C:\Program Files\nodejs\;C:\Program Files\Microsoft SQL Server\150\Tools\Binn\;C:\Program Files\Microsoft SQL Server\Client SDK\ODBC\170\Tools\Binn\;C:\Program Files\dotnet\;C:\Users\PC\AppData\Local\Programs\Python\Python311\Scripts\;C:\Users\PC\AppData\Local\Programs\Python\Python311\;C:\Users\PC\AppData\Local\Microsoft\WindowsApps;C:\Users\PC\AppData\Local\Programs\Microsoft VS Code\bin;C:\Program Files\JetBrains\IntelliJ IDEA 2022.2.2\bin;;C:\Program Files\Azure Data Studio\bin;C:\Users\PC\AppData\Local\GitHubDesktop\bin;C:\Program Files\JetBrains\WebStorm 2022.2.3\bin;;C:\Users\PC\AppData\Roaming\npm;C:\Program Files\JetBrains\IntelliJ IDEA Community Edition 2022.3.1\bin;;C:\Users\PC\.dotnet\tools
USERNAME=PC
OS=Windows_NT
PROCESSOR_IDENTIFIER=AMD64 Family 23 Model 17 Stepping 0, AuthenticAMD
TMP=C:\Users\PC\AppData\Local\Temp
TEMP=C:\Users\PC\AppData\Local\Temp



---------------  S Y S T E M  ---------------

OS:
 Windows 10 , 64 bit Build 19041 (10.0.19041.3570)
OS uptime: 24 days 23:16 hours

CPU: total 8 (initial active 8) (8 cores per cpu, 2 threads per core) family 23 model 17 stepping 0 microcode 0x0, cx8, cmov, fxsr, ht, mmx, 3dnowpref, sse, sse2, sse3, ssse3, sse4a, sse4.1, sse4.2, popcnt, lzcnt, tsc, tscinvbit, avx, avx2, aes, clmul, bmi1, bmi2, adx, sha, fma, vzeroupper, clflush, clflushopt, rdtscp

Memory: 4k page, system-wide physical 6045M (316M free)
TotalPageFile size 24477M (AvailPageFile size 37M)
current process WorkingSet (physical memory assigned to process): 236M, peak: 269M
current process commit charge ("private bytes"): 301M, peak: 345M

vm_info: OpenJDK 64-Bit Server VM (19+36-2238) for windows-amd64 JRE (19+36-2238), built on 2022-08-12T20:29:01Z by "mach5one" with MS VC++ 17.1 (VS2022)

END.
